TN:
SF:src\Applications\security\PasswordHash.js
FN:4,(anonymous_0)
FNF:1
FNH:1
FNDA:1,(anonymous_0)
DA:5,1
DA:9,4
LF:2
LH:2
BRF:0
BRH:0
end_of_record
TN:
SF:src\Applications\use_case\AddUserUseCase.js
FN:5,(anonymous_0)
FN:10,(anonymous_1)
FNF:2
FNH:2
FNDA:2,(anonymous_0)
FNDA:7,(anonymous_1)
DA:2,2
DA:6,2
DA:7,2
DA:11,7
DA:12,3
DA:13,2
DA:14,2
DA:18,2
LF:8
LH:8
BRF:0
BRH:0
end_of_record
TN:
SF:src\Commons\exceptions\AuthenticationError.js
FN:4,(anonymous_0)
FNF:1
FNH:1
FNDA:1,(anonymous_0)
DA:1,1
DA:5,1
DA:6,1
DA:10,1
LF:4
LH:4
BRF:0
BRH:0
end_of_record
TN:
SF:src\Commons\exceptions\ClientError.js
FN:2,(anonymous_0)
FNF:1
FNH:1
FNDA:18,(anonymous_0)
DA:3,18
DA:5,18
DA:6,1
DA:9,17
DA:10,17
DA:14,7
LF:6
LH:6
BRDA:2,0,0,16
BRDA:5,1,0,1
BRDA:5,1,1,17
BRF:3
BRH:3
end_of_record
TN:
SF:src\Commons\exceptions\DomainErrorTranslator.js
FN:6,(anonymous_0)
FNF:1
FNH:1
FNDA:12,(anonymous_0)
DA:3,2
DA:5,2
DA:7,12
DA:11,2
DA:18,2
LF:5
LH:5
BRDA:7,0,0,12
BRDA:7,0,1,4
BRF:2
BRH:2
end_of_record
TN:
SF:src\Commons\exceptions\InvariantError.js
FN:4,(anonymous_0)
FNF:1
FNH:1
FNDA:15,(anonymous_0)
DA:1,4
DA:5,15
DA:6,15
DA:10,4
LF:4
LH:4
BRF:0
BRH:0
end_of_record
TN:
SF:src\Commons\exceptions\NotFoundError.js
FN:4,(anonymous_0)
FNF:1
FNH:1
FNDA:1,(anonymous_0)
DA:1,1
DA:5,1
DA:6,1
DA:10,1
LF:4
LH:4
BRF:0
BRH:0
end_of_record
TN:
SF:src\Domains\users\UserRepository.js
FN:4,(anonymous_0)
FN:8,(anonymous_1)
FNF:2
FNH:2
FNDA:1,(anonymous_0)
FNDA:1,(anonymous_1)
DA:5,1
DA:9,1
DA:13,4
LF:3
LH:3
BRF:0
BRH:0
end_of_record
TN:
SF:src\Domains\users\entities\RegisterUser.js
FN:4,(anonymous_0)
FN:14,(anonymous_1)
FNF:2
FNH:2
FNDA:15,(anonymous_0)
FNDA:15,(anonymous_1)
DA:5,15
DA:7,7
DA:9,7
DA:10,7
DA:11,7
DA:15,15
DA:16,2
DA:19,13
DA:20,2
DA:23,11
DA:24,2
DA:27,9
DA:28,2
DA:33,4
LF:14
LH:14
BRDA:15,0,0,2
BRDA:15,0,1,13
BRDA:15,1,0,15
BRDA:15,1,1,14
BRDA:15,1,2,14
BRDA:19,2,0,2
BRDA:19,2,1,11
BRDA:19,3,0,13
BRDA:19,3,1,12
BRDA:19,3,2,12
BRDA:23,4,0,2
BRDA:23,4,1,9
BRDA:27,5,0,2
BRDA:27,5,1,7
BRF:14
BRH:14
end_of_record
TN:
SF:src\Domains\users\entities\RegisteredUser.js
FN:4,(anonymous_0)
FN:14,(anonymous_1)
FNF:2
FNH:2
FNDA:8,(anonymous_0)
FNDA:8,(anonymous_1)
DA:5,8
DA:7,6
DA:9,6
DA:10,6
DA:11,6
DA:15,8
DA:16,1
DA:19,7
DA:20,1
DA:25,4
LF:10
LH:10
BRDA:15,0,0,1
BRDA:15,0,1,7
BRDA:15,1,0,8
BRDA:15,1,1,7
BRDA:15,1,2,7
BRDA:19,2,0,1
BRDA:19,2,1,6
BRDA:19,3,0,7
BRDA:19,3,1,6
BRDA:19,3,2,6
BRF:10
BRH:10
end_of_record
TN:
SF:src\Infrastructures\http\createServer.js
FN:6,(anonymous_0)
FN:19,(anonymous_1)
FNF:2
FNH:2
FNDA:8,(anonymous_0)
FNDA:8,(anonymous_1)
DA:1,1
DA:2,1
DA:3,1
DA:4,1
DA:6,1
DA:7,8
DA:12,8
DA:19,8
DA:20,8
DA:22,8
DA:24,7
DA:27,7
DA:28,5
DA:32,5
DA:33,5
DA:36,2
DA:37,1
DA:41,1
DA:45,1
DA:46,1
DA:50,1
DA:53,8
DA:56,1
LF:23
LH:23
BRDA:22,0,0,7
BRDA:22,0,1,1
BRDA:27,1,0,5
BRDA:27,1,1,2
BRDA:36,2,0,1
BRDA:36,2,1,1
BRF:6
BRH:6
end_of_record
TN:
SF:src\Infrastructures\respository\UserRepositoryPostgres.js
FN:7,(anonymous_0)
FN:13,(anonymous_1)
FN:26,(anonymous_2)
FNF:3
FNH:3
FNDA:5,(anonymous_0)
FNDA:4,(anonymous_1)
FNDA:3,(anonymous_2)
DA:2,2
DA:3,2
DA:4,2
DA:8,5
DA:9,5
DA:10,5
DA:14,4
DA:19,4
DA:21,4
DA:22,2
DA:27,3
DA:28,3
DA:30,3
DA:35,3
DA:37,3
DA:41,2
LF:16
LH:16
BRDA:21,0,0,2
BRDA:21,0,1,2
BRF:2
BRH:2
end_of_record
TN:
SF:src\Infrastructures\security\BcryptPasswordHash.js
FN:5,(anonymous_0)
FN:11,(anonymous_1)
FNF:2
FNH:2
FNDA:2,(anonymous_0)
FNDA:2,(anonymous_1)
DA:2,2
DA:6,2
DA:7,2
DA:8,2
DA:12,2
DA:16,2
LF:6
LH:6
BRDA:5,0,0,2
BRF:1
BRH:1
end_of_record
TN:
SF:src\Interfaces\http\api\users\handler.js
FN:7,(anonymous_0)
FN:13,(anonymous_1)
FNF:2
FNH:2
FNDA:8,(anonymous_0)
FNDA:7,(anonymous_1)
DA:4,1
DA:8,8
DA:10,8
DA:14,7
DA:15,6
DA:17,1
DA:23,1
DA:24,1
DA:28,1
LF:9
LH:9
BRF:0
BRH:0
end_of_record
TN:
SF:src\Interfaces\http\api\users\index.js
FN:6,(anonymous_0)
FNF:1
FNH:1
FNDA:8,(anonymous_0)
DA:1,1
DA:2,1
DA:4,1
DA:7,8
DA:8,8
LF:5
LH:5
BRF:0
BRH:0
end_of_record
TN:
SF:src\Interfaces\http\api\users\routes.js
FN:1,(anonymous_0)
FNF:1
FNH:1
FNDA:8,(anonymous_0)
DA:1,8
DA:9,1
LF:2
LH:2
BRF:0
BRH:0
end_of_record
